<?xml version="1.0" encoding="UTF-8"?>
<!-- Generated by org.testng.reporters.JUnitReportReporter -->
<testsuite hostname="DESKTOP-KSHQH5S" name="readPDF.PDFReaderTest" tests="1" failures="0" timestamp="27 Jun 2021 07:19:46 GMT" time="1.573" errors="0">
  <testcase name="readLine" time="1.573" classname="readPDF.PDFReaderTest"/>
</testsuite> <!-- readPDF.PDFReaderTest -->
